2016-10-22 17:56:03,794: WARN _infoCat : hello
2016-10-23 08:31:17,357: WARN _infoCat : hello_20161023
2016-10-23 08:31:49,406: WARN _infoCat : log4cpp_packaging.cc warn 45hello_20161023
2016-10-23 08:35:33,204: WARN _infoCat : log4cpp_packaging.cc main 115 hello_20161023
2016-10-23 08:42:37,554: WARN _infoCat : log4cpp_packaging.cc main 117 Message_use_define
2016-10-23 08:42:37,557: WARN _infoCat : log4cpp_packaging.cc main 115 hello_20161023
2016-10-23 09:00:43,605: WARN _infoCat : log4cpp_packaging.cc main 112 Message_use_define
2016-10-23 09:04:58,289: WARN _infoCat : log4cpp_packaging.cc main 112 Message_use_define
2016-10-23 15:15:06,372: WARN _infoCat : log4cpp_packaging.cc Mylogwarn 119 Message_use_define
2016-10-23 15:15:06,375: WARN _infoCat : log4cpp_packaging.cc Mylogwarn 115 hello_20161023
2016-10-23 15:24:15,765: WARN _infoCat : log4cpp_packaging.cc Mylogwarn 102 Message_use_define
2016-10-23 15:24:15,768: WARN _infoCat : log4cpp_packaging.cc Mylogwarn 115 hello_20161023
2016-10-23 15:24:36,807: WARN _infoCat : log4cpp_packaging.cc Mylogwarn 102 Message_use_define
2016-10-23 15:24:36,809: WARN _infoCat : log4cpp_packaging.cc Mylogwarn 115 hello_20161023
2016-10-23 15:25:56,453: WARN _infoCat : log4cpp_packaging.cc Mylogwarn 103 Message_use_define
2016-10-23 15:25:56,454: WARN _infoCat : log4cpp_packaging.cc Mylogwarn 115 hello_20161023
2016-10-23 15:27:34,512: WARN _infoCat : log4cpp_packaging.cc Mylogwarn 103 Message_use_define
2016-10-23 15:27:34,514: WARN _infoCat : log4cpp_packaging.cc Mylogwarn 115 hello_20161023
2016-10-23 15:27:34,514: WARN _infoCat : log4cpp_packaging.cc Mylogwarn 103 Message_use_define
2016-10-23 15:27:34,515: WARN _infoCat : log4cpp_packaging.cc Mylogwarn 115 hello_20161023
2016-10-23 15:27:34,516: WARN _infoCat : log4cpp_packaging.cc Mylogwarn 103 Message_use_define
2016-10-23 15:27:34,516: WARN _infoCat : log4cpp_packaging.cc Mylogwarn 115 hello_20161023
2016-10-23 15:27:34,517: WARN _infoCat : log4cpp_packaging.cc Mylogwarn 103 Message_use_define
2016-10-23 15:27:34,517: WARN _infoCat : log4cpp_packaging.cc Mylogwarn 115 hello_20161023
2016-10-23 15:35:01,133: WARN _infoCat : log4cpp_packaging.cc Mylogwarn 103 Message_use_define
2016-10-23 15:35:01,135: WARN _infoCat : log4cpp_packaging.cc Mylogwarn 115 hello_20161023
2016-10-23 15:35:01,136: WARN _infoCat : log4cpp_packaging.cc Mylogwarn 103 Message_use_define
2016-10-23 15:35:01,137: WARN _infoCat : log4cpp_packaging.cc Mylogwarn 115 hello_20161023
2016-10-23 15:35:01,138: WARN _infoCat : log4cpp_packaging.cc Mylogwarn 103 Message_use_define
2016-10-23 15:35:01,138: WARN _infoCat : log4cpp_packaging.cc Mylogwarn 115 hello_20161023
2016-10-23 15:35:01,138: WARN _infoCat : log4cpp_packaging.cc Mylogwarn 103 Message_use_define
2016-10-23 15:35:01,138: WARN _infoCat : log4cpp_packaging.cc Mylogwarn 115 hello_20161023
2016-10-23 15:36:19,184: WARN _infoCat : log4cpp_packaging.cc Mylogwarn 103 Message_use_define
2016-10-23 15:36:19,187: WARN _infoCat : log4cpp_packaging.cc Mylogwarn 115 hello_20161023
